Unity Editor version:    2020.3.27f1 (e759542391ea)
Branch:                  2020.3/release
Build type:              Release
Batch mode:              YES
macOS version:           Version 12.2.1 (Build 21D62)
Darwin version:          21.3.0
Architecture:            x86_64
Running under Rosetta:   NO
Available memory:        8192 MB
Using pre-set license
Pro License: NO

COMMAND LINE ARGUMENTS:
/Applications/Unity/Unity.app/Contents/MacOS/Unity
-adb2
-batchMode
-noUpm
-name
AssetImportWorker0
-projectPath
/Users/danielgtz1/Desktop/Unity Programas/Repo/ProyectoEbac
-logFile
Logs/AssetImportWorker0.log
-srvPort
50384
Successfully changed project path to: /Users/danielgtz1/Desktop/Unity Programas/Repo/ProyectoEbac
/Users/danielgtz1/Desktop/Unity Programas/Repo/ProyectoEbac
Using Asset Import Pipeline V2.
Refreshing native plugins compatible for Editor in 73.40 ms, found 2 plugins.
Preloading 0 native plugins for Editor in 0.00 ms.
Initialize engine version: 2020.3.27f1 (e759542391ea)
[Subsystems] Discovering subsystems at path /Applications/Unity/Unity.app/Contents/Resources/UnitySubsystems
[Subsystems] Discovering subsystems at path /Users/danielgtz1/Desktop/Unity Programas/Repo/ProyectoEbac/Assets
GfxDevice: creating device client; threaded=0
2022-02-25 15:47:04.631 Unity[62656:653515] Color LCD preferred device: Intel(R) Iris(TM) Plus Graphics 640 (low power)
2022-02-25 15:47:04.631 Unity[62656:653515] Metal devices available: 1
2022-02-25 15:47:04.632 Unity[62656:653515] 0: Intel(R) Iris(TM) Plus Graphics 640 (low power)
2022-02-25 15:47:04.632 Unity[62656:653515] Using device Intel(R) Iris(TM) Plus Graphics 640 (low power)
Initializing Metal device caps: Intel(R) Iris(TM) Plus Graphics 640
Initialize mono
Mono path[0] = '/Applications/Unity/Unity.app/Contents/Managed'
Mono path[1] = '/Applications/Unity/Unity.app/Contents/MonoBleedingEdge/lib/mono/unityjit'
Mono config path = '/Applications/Unity/Unity.app/Contents/MonoBleedingEdge/etc'
Using monoOptions --debugger-agent=transport=dt_socket,embedding=1,server=y,suspend=n,address=127.0.0.1:56656
Begin MonoManager ReloadAssembly
Registering precompiled unity dll's ...
Register platform support module: /Applications/Unity/Unity.app/Contents/PlaybackEngines/MacStandaloneSupport/UnityEditor.OSXStandalone.Extensions.dll
Registered in 0.003136 seconds.
Native extension for OSXStandalone target not found
Refreshing native plugins compatible for Editor in 50.42 ms, found 2 plugins.
Preloading 0 native plugins for Editor in 0.00 ms.
Mono: successfully reloaded assembly
- Completed reload, in  0.962 seconds
Domain Reload Profiling:
	ReloadAssembly (962ms)
		BeginReloadAssembly (147ms)
			ExecutionOrderSort (0ms)
			DisableScriptedObjects (0ms)
			BackupInstance (0ms)
			ReleaseScriptingObjects (0ms)
			CreateAndSetChildDomain (1ms)
		EndReloadAssembly (703ms)
			LoadAssemblies (147ms)
			RebuildTransferFunctionScriptingTraits (3ms)
			SetupTypeCache (260ms)
			ReleaseScriptCaches (0ms)
			RebuildScriptCaches (50ms)
			SetupLoadedEditorAssemblies (268ms)
				LogAssemblyErrors (0ms)
				InitializePlatformSupportModulesInManaged (8ms)
				SetLoadedEditorAssemblies (0ms)
				RefreshPlugins (50ms)
				BeforeProcessingInitializeOnLoad (12ms)
				ProcessInitializeOnLoadAttributes (147ms)
				ProcessInitializeOnLoadMethodAttributes (50ms)
				AfterProcessingInitializeOnLoad (0ms)
				EditorAssembliesLoaded (0ms)
			ExecutionOrderSort2 (0ms)
			AwakeInstancesAfterBackupRestoration (0ms)
Platform modules already initialized, skipping
Registering precompiled user dll's ...
Registered in 0.005989 seconds.
Begin MonoManager ReloadAssembly
Native extension for OSXStandalone target not found
Refreshing native plugins compatible for Editor in 0.39 ms, found 2 plugins.
Preloading 0 native plugins for Editor in 0.00 ms.
Mono: successfully reloaded assembly
- Completed reload, in  1.489 seconds
Domain Reload Profiling:
	ReloadAssembly (1490ms)
		BeginReloadAssembly (169ms)
			ExecutionOrderSort (0ms)
			DisableScriptedObjects (5ms)
			BackupInstance (0ms)
			ReleaseScriptingObjects (0ms)
			CreateAndSetChildDomain (28ms)
		EndReloadAssembly (1253ms)
			LoadAssemblies (108ms)
			RebuildTransferFunctionScriptingTraits (0ms)
			SetupTypeCache (483ms)
			ReleaseScriptCaches (1ms)
			RebuildScriptCaches (87ms)
			SetupLoadedEditorAssemblies (420ms)
				LogAssemblyErrors (0ms)
				InitializePlatformSupportModulesInManaged (6ms)
				SetLoadedEditorAssemblies (1ms)
				RefreshPlugins (0ms)
				BeforeProcessingInitializeOnLoad (81ms)
				ProcessInitializeOnLoadAttributes (314ms)
				ProcessInitializeOnLoadMethodAttributes (16ms)
				AfterProcessingInitializeOnLoad (1ms)
				EditorAssembliesLoaded (0ms)
			ExecutionOrderSort2 (0ms)
			AwakeInstancesAfterBackupRestoration (8ms)
Platform modules already initialized, skipping
Validating Project structure ... 0.000919 seconds.
Shader import version has changed; will reimport all shaders...
Upgrading shader files ...0.000954 seconds.
Application.AssetDatabase Initial Script Refresh Start
RefreshInfo: InitialScriptRefreshV2(NoUpdateAssetOptions) scanfilter:  ... 1 filters
RefreshProfiler: Total: 0.000ms
Application.AssetDatabase Initial Script Refresh End
Application.AssetDatabase.Refresh Start
Application.AssetDatabase.Refresh End
RefreshInfo: StopAssetImportingV2(ForceSynchronousImport) scanfilter: 
RefreshProfiler: Total: 0.000ms
Launching external process: /Applications/Unity/Unity.app/Contents/Tools/UnityShaderCompiler
Launched and connected shader compiler UnityShaderCompiler after 0.29 seconds
Initializing Unity extensions:
2022-02-25 15:47:09.192 Unity[62656:653515] NSEventModifierFlagFunction specified to -setKeyEquivalentModifierMask: for item <NSMenuItem: 0x600002d86fb0 Font Asset, ke='Command-F12'>, but is only supported for system-provided menu items; will not be used
2022-02-25 15:47:09.196 Unity[62656:653515] NSEventModifierFlagFunction specified to -setKeyEquivalentModifierMask: for item <NSMenuItem: 0x600002d942a0 Font Asset, ke='Command-F12'>, but is only supported for system-provided menu items; will not be used
========================================================================
Worker process is ready to serve import requests
Refreshing native plugins compatible for Editor in 0.36 ms, found 2 plugins.
Preloading 0 native plugins for Editor in 0.00 ms.
Unloading 1521 Unused Serialized files (Serialized files now loaded: 0)
System memory in use before: 178.5 MB.
System memory in use after: 177.6 MB.

Unloading 97 unused Assets to reduce memory usage. Loaded Objects now: 1997.
Total: 9.624837 ms (FindLiveObjects: 0.941207 ms CreateObjectMapping: 0.171875 ms MarkObjects: 7.646048 ms  DeleteObjects: 0.863542 ms)

AssetImportParameters requested are different than current active one (requested -> active):
  custom:video-decoder-ogg-theora: a1e56fd34408186e4bbccfd4996cb3dc -> 
  custom:container-muxer-webm: aa71ff27fc2769a1b78a27578f13a17b -> 
  custom:container-demuxer-webm: 4f35f7cbe854078d1ac9338744f61a02 -> 
  custom:container-demuxer-ogg: 62fdf1f143b41e24485cea50d1cbac27 -> 
  custom:video-encoder-webm-vp8: eb34c28f22e8b96e1ab97ce403110664 -> 
  custom:framework-osx-AVFoundation: e770b220cccbd017edd2c1fefb359320 -> 
  custom:video-decoder-webm-vp8: 9c59270c3fd7afecdb556c50c9e8de78 -> 
  custom:audio-decoder-ogg-vorbis: bf7c407c2cedff20999df2af8eb42d56 -> 
  custom:audio-encoder-webm-vorbis: bf7c407c2cedff20999df2af8eb42d56 -> 
========================================================================
Received Import Request.
  path: Assets/Modulo 11
  artifactKey: Guid(ac5d96b0589a24368accd8468d78cf85) Importer(815301076,1909f56bfc062723c751e8b465ee728b)
Start importing Assets/Modulo 11 using Guid(ac5d96b0589a24368accd8468d78cf85) Importer(815301076,1909f56bfc062723c751e8b465ee728b)  -> (artifact id: 'd6e65d3f80134ad03d1cf60cc75cfa92') in 0.006913 seconds 
  Import took 0.010410 seconds .

========================================================================
Received Prepare
Registering precompiled user dll's ...
Registered in 0.007628 seconds.
Begin MonoManager ReloadAssembly
Native extension for OSXStandalone target not found
Refreshing native plugins compatible for Editor in 0.56 ms, found 2 plugins.
Preloading 0 native plugins for Editor in 0.00 ms.
2022-02-25 15:47:28.446 Unity[62656:653515] NSEventModifierFlagFunction specified to -setKeyEquivalentModifierMask: for item <NSMenuItem: 0x600002dbc150 Font Asset, ke='Command-F12'>, but is only supported for system-provided menu items; will not be used
Mono: successfully reloaded assembly
- Completed reload, in  1.431 seconds
Domain Reload Profiling:
	ReloadAssembly (1432ms)
		BeginReloadAssembly (173ms)
			ExecutionOrderSort (0ms)
			DisableScriptedObjects (7ms)
			BackupInstance (0ms)
			ReleaseScriptingObjects (0ms)
			CreateAndSetChildDomain (80ms)
		EndReloadAssembly (1173ms)
			LoadAssemblies (94ms)
			RebuildTransferFunctionScriptingTraits (0ms)
			SetupTypeCache (464ms)
			ReleaseScriptCaches (1ms)
			RebuildScriptCaches (55ms)
			SetupLoadedEditorAssemblies (427ms)
				LogAssemblyErrors (0ms)
				InitializePlatformSupportModulesInManaged (7ms)
				SetLoadedEditorAssemblies (1ms)
				RefreshPlugins (1ms)
				BeforeProcessingInitializeOnLoad (139ms)
				ProcessInitializeOnLoadAttributes (265ms)
				ProcessInitializeOnLoadMethodAttributes (14ms)
				AfterProcessingInitializeOnLoad (1ms)
				EditorAssembliesLoaded (0ms)
			ExecutionOrderSort2 (0ms)
			AwakeInstancesAfterBackupRestoration (9ms)
Platform modules already initialized, skipping
Refreshing native plugins compatible for Editor in 0.41 ms, found 2 plugins.
Preloading 0 native plugins for Editor in 0.00 ms.
Unloading 1515 Unused Serialized files (Serialized files now loaded: 0)
System memory in use before: 178.4 MB.
System memory in use after: 178.5 MB.

Unloading 15 unused Assets to reduce memory usage. Loaded Objects now: 2001.
Total: 3.118845 ms (FindLiveObjects: 0.172152 ms CreateObjectMapping: 0.057782 ms MarkObjects: 2.836271 ms  DeleteObjects: 0.051922 ms)

AssetImportParameters requested are different than current active one (requested -> active):
  custom:video-decoder-ogg-theora: a1e56fd34408186e4bbccfd4996cb3dc -> 
  custom:container-muxer-webm: aa71ff27fc2769a1b78a27578f13a17b -> 
  custom:container-demuxer-webm: 4f35f7cbe854078d1ac9338744f61a02 -> 
  custom:container-demuxer-ogg: 62fdf1f143b41e24485cea50d1cbac27 -> 
  custom:video-encoder-webm-vp8: eb34c28f22e8b96e1ab97ce403110664 -> 
  custom:framework-osx-AVFoundation: e770b220cccbd017edd2c1fefb359320 -> 
  custom:video-decoder-webm-vp8: 9c59270c3fd7afecdb556c50c9e8de78 -> 
  custom:audio-decoder-ogg-vorbis: bf7c407c2cedff20999df2af8eb42d56 -> 
  custom:audio-encoder-webm-vorbis: bf7c407c2cedff20999df2af8eb42d56 -> 
========================================================================
Received Import Request.
  Time since last request: 19.694194 seconds.
  path: Assets/Modulo 11/NewBehaviourScript.cs
  artifactKey: Guid(90b34107d2a234186b5cb87d0b8f1b4d) Importer(815301076,1909f56bfc062723c751e8b465ee728b)
Start importing Assets/Modulo 11/NewBehaviourScript.cs using Guid(90b34107d2a234186b5cb87d0b8f1b4d) Importer(815301076,1909f56bfc062723c751e8b465ee728b)  -> (artifact id: 'c817816b32e4072b3e705365d4239748') in 0.411823 seconds 
  Import took 0.420786 seconds .

========================================================================
Received Prepare
Registering precompiled user dll's ...
Registered in 0.015874 seconds.
Begin MonoManager ReloadAssembly
Native extension for OSXStandalone target not found
Refreshing native plugins compatible for Editor in 0.36 ms, found 2 plugins.
Preloading 0 native plugins for Editor in 0.00 ms.
2022-02-25 15:47:48.065 Unity[62656:653515] NSEventModifierFlagFunction specified to -setKeyEquivalentModifierMask: for item <NSMenuItem: 0x600002d8a530 Font Asset, ke='Command-F12'>, but is only supported for system-provided menu items; will not be used
Mono: successfully reloaded assembly
- Completed reload, in  2.586 seconds
Domain Reload Profiling:
	ReloadAssembly (2586ms)
		BeginReloadAssembly (218ms)
			ExecutionOrderSort (0ms)
			DisableScriptedObjects (13ms)
			BackupInstance (0ms)
			ReleaseScriptingObjects (0ms)
			CreateAndSetChildDomain (102ms)
		EndReloadAssembly (2082ms)
			LoadAssemblies (142ms)
			RebuildTransferFunctionScriptingTraits (0ms)
			SetupTypeCache (1194ms)
			ReleaseScriptCaches (1ms)
			RebuildScriptCaches (69ms)
			SetupLoadedEditorAssemblies (501ms)
				LogAssemblyErrors (0ms)
				InitializePlatformSupportModulesInManaged (4ms)
				SetLoadedEditorAssemblies (1ms)
				RefreshPlugins (0ms)
				BeforeProcessingInitializeOnLoad (121ms)
				ProcessInitializeOnLoadAttributes (346ms)
				ProcessInitializeOnLoadMethodAttributes (26ms)
				AfterProcessingInitializeOnLoad (2ms)
				EditorAssembliesLoaded (1ms)
			ExecutionOrderSort2 (0ms)
			AwakeInstancesAfterBackupRestoration (21ms)
Platform modules already initialized, skipping
Refreshing native plugins compatible for Editor in 1.10 ms, found 2 plugins.
Preloading 0 native plugins for Editor in 0.00 ms.
Unloading 1515 Unused Serialized files (Serialized files now loaded: 0)
System memory in use before: 182.8 MB.
System memory in use after: 182.9 MB.

Unloading 14 unused Assets to reduce memory usage. Loaded Objects now: 2003.
Total: 6.352572 ms (FindLiveObjects: 0.868688 ms CreateObjectMapping: 0.137333 ms MarkObjects: 5.148445 ms  DeleteObjects: 0.193134 ms)

AssetImportParameters requested are different than current active one (requested -> active):
  custom:video-decoder-ogg-theora: a1e56fd34408186e4bbccfd4996cb3dc -> 
  custom:container-muxer-webm: aa71ff27fc2769a1b78a27578f13a17b -> 
  custom:container-demuxer-webm: 4f35f7cbe854078d1ac9338744f61a02 -> 
  custom:container-demuxer-ogg: 62fdf1f143b41e24485cea50d1cbac27 -> 
  custom:video-encoder-webm-vp8: eb34c28f22e8b96e1ab97ce403110664 -> 
  custom:framework-osx-AVFoundation: e770b220cccbd017edd2c1fefb359320 -> 
  custom:video-decoder-webm-vp8: 9c59270c3fd7afecdb556c50c9e8de78 -> 
  custom:audio-decoder-ogg-vorbis: bf7c407c2cedff20999df2af8eb42d56 -> 
  custom:audio-encoder-webm-vorbis: bf7c407c2cedff20999df2af8eb42d56 -> 
========================================================================
Received Prepare
Registering precompiled user dll's ...
Registered in 0.003042 seconds.
Begin MonoManager ReloadAssembly
Native extension for OSXStandalone target not found
Refreshing native plugins compatible for Editor in 0.42 ms, found 2 plugins.
Preloading 0 native plugins for Editor in 0.00 ms.
2022-02-25 15:48:59.470 Unity[62656:653515] NSEventModifierFlagFunction specified to -setKeyEquivalentModifierMask: for item <NSMenuItem: 0x600002dadf10 Font Asset, ke='Command-F12'>, but is only supported for system-provided menu items; will not be used
Mono: successfully reloaded assembly
- Completed reload, in  1.618 seconds
Domain Reload Profiling:
	ReloadAssembly (1618ms)
		BeginReloadAssembly (195ms)
			ExecutionOrderSort (0ms)
			DisableScriptedObjects (9ms)
			BackupInstance (0ms)
			ReleaseScriptingObjects (0ms)
			CreateAndSetChildDomain (74ms)
		EndReloadAssembly (1297ms)
			LoadAssemblies (151ms)
			RebuildTransferFunctionScriptingTraits (0ms)
			SetupTypeCache (487ms)
			ReleaseScriptCaches (1ms)
			RebuildScriptCaches (82ms)
			SetupLoadedEditorAssemblies (453ms)
				LogAssemblyErrors (0ms)
				InitializePlatformSupportModulesInManaged (7ms)
				SetLoadedEditorAssemblies (1ms)
				RefreshPlugins (0ms)
				BeforeProcessingInitializeOnLoad (131ms)
				ProcessInitializeOnLoadAttributes (295ms)
				ProcessInitializeOnLoadMethodAttributes (16ms)
				AfterProcessingInitializeOnLoad (2ms)
				EditorAssembliesLoaded (0ms)
			ExecutionOrderSort2 (0ms)
			AwakeInstancesAfterBackupRestoration (10ms)
Platform modules already initialized, skipping
Refreshing native plugins compatible for Editor in 0.47 ms, found 2 plugins.
Preloading 0 native plugins for Editor in 0.00 ms.
Unloading 1515 Unused Serialized files (Serialized files now loaded: 0)
System memory in use before: 183.0 MB.
System memory in use after: 183.1 MB.

Unloading 14 unused Assets to reduce memory usage. Loaded Objects now: 2005.
Total: 3.194453 ms (FindLiveObjects: 0.193138 ms CreateObjectMapping: 0.079991 ms MarkObjects: 2.896081 ms  DeleteObjects: 0.024410 ms)

AssetImportParameters requested are different than current active one (requested -> active):
  custom:video-decoder-ogg-theora: a1e56fd34408186e4bbccfd4996cb3dc -> 
  custom:container-muxer-webm: aa71ff27fc2769a1b78a27578f13a17b -> 
  custom:container-demuxer-webm: 4f35f7cbe854078d1ac9338744f61a02 -> 
  custom:container-demuxer-ogg: 62fdf1f143b41e24485cea50d1cbac27 -> 
  custom:video-encoder-webm-vp8: eb34c28f22e8b96e1ab97ce403110664 -> 
  custom:framework-osx-AVFoundation: e770b220cccbd017edd2c1fefb359320 -> 
  custom:video-decoder-webm-vp8: 9c59270c3fd7afecdb556c50c9e8de78 -> 
  custom:audio-decoder-ogg-vorbis: bf7c407c2cedff20999df2af8eb42d56 -> 
  custom:audio-encoder-webm-vorbis: bf7c407c2cedff20999df2af8eb42d56 -> 
========================================================================
Received Import Request.
  Time since last request: 90.687665 seconds.
  path: Assets/Modulo 11/EjerciciosEstructuras.cs
  artifactKey: Guid(90b34107d2a234186b5cb87d0b8f1b4d) Importer(815301076,1909f56bfc062723c751e8b465ee728b)
Start importing Assets/Modulo 11/EjerciciosEstructuras.cs using Guid(90b34107d2a234186b5cb87d0b8f1b4d) Importer(815301076,1909f56bfc062723c751e8b465ee728b)  -> (artifact id: 'dc623f9f9e8bbe42be8f43e6b1fa8a9c') in 0.007102 seconds 
  Import took 0.012032 seconds .

========================================================================
Received Import Request.
  Time since last request: 1382.516806 seconds.
  path: Assets/Modulo 11/EjerciciosEstructuras.cs
  artifactKey: Guid(90b34107d2a234186b5cb87d0b8f1b4d) Importer(815301076,1909f56bfc062723c751e8b465ee728b)
Start importing Assets/Modulo 11/EjerciciosEstructuras.cs using Guid(90b34107d2a234186b5cb87d0b8f1b4d) Importer(815301076,1909f56bfc062723c751e8b465ee728b)  -> (artifact id: 'ca578d89dba7b9a42990b926293a25ca') in 0.117506 seconds 
  Import took 0.223239 seconds .

========================================================================
Received Import Request.
  Time since last request: 15.477049 seconds.
  path: Assets/Modulo 11/EjerciciosEstructuras.cs
  artifactKey: Guid(90b34107d2a234186b5cb87d0b8f1b4d) Importer(815301076,1909f56bfc062723c751e8b465ee728b)
Start importing Assets/Modulo 11/EjerciciosEstructuras.cs using Guid(90b34107d2a234186b5cb87d0b8f1b4d) Importer(815301076,1909f56bfc062723c751e8b465ee728b)  -> (artifact id: 'cd3188fc2f1de4288bba7e01948712f2') in 0.002756 seconds 
  Import took 0.007380 seconds .

========================================================================
Received Import Request.
  Time since last request: 61.669511 seconds.
  path: Assets/Modulo 11/EjerciciosEstructuras.cs
  artifactKey: Guid(90b34107d2a234186b5cb87d0b8f1b4d) Importer(815301076,1909f56bfc062723c751e8b465ee728b)
Start importing Assets/Modulo 11/EjerciciosEstructuras.cs using Guid(90b34107d2a234186b5cb87d0b8f1b4d) Importer(815301076,1909f56bfc062723c751e8b465ee728b)  -> (artifact id: '5f0d79e996bda6b1d3bf545db84f7c78') in 0.014314 seconds 
  Import took 0.029008 seconds .

========================================================================
Received Import Request.
  Time since last request: 77.512855 seconds.
  path: Assets/Modulo 11/EjerciciosEstructuras.cs
  artifactKey: Guid(90b34107d2a234186b5cb87d0b8f1b4d) Importer(815301076,1909f56bfc062723c751e8b465ee728b)
Start importing Assets/Modulo 11/EjerciciosEstructuras.cs using Guid(90b34107d2a234186b5cb87d0b8f1b4d) Importer(815301076,1909f56bfc062723c751e8b465ee728b)  -> (artifact id: '87dc351283014974b13cd81cb4660990') in 0.003959 seconds 
  Import took 0.009430 seconds .

========================================================================
Received Import Request.
  Time since last request: 187.352924 seconds.
  path: Assets/Modulo 11/EjerciciosEstructuras.cs
  artifactKey: Guid(90b34107d2a234186b5cb87d0b8f1b4d) Importer(815301076,1909f56bfc062723c751e8b465ee728b)
Start importing Assets/Modulo 11/EjerciciosEstructuras.cs using Guid(90b34107d2a234186b5cb87d0b8f1b4d) Importer(815301076,1909f56bfc062723c751e8b465ee728b)  -> (artifact id: '760b7c873b75c79c1f9e0e8aded2081c') in 0.017441 seconds 
  Import took 0.031015 seconds .

========================================================================
Received Import Request.
  Time since last request: 44.210288 seconds.
  path: Assets/Modulo 11/EjerciciosEstructuras.cs
  artifactKey: Guid(90b34107d2a234186b5cb87d0b8f1b4d) Importer(815301076,1909f56bfc062723c751e8b465ee728b)
Start importing Assets/Modulo 11/EjerciciosEstructuras.cs using Guid(90b34107d2a234186b5cb87d0b8f1b4d) Importer(815301076,1909f56bfc062723c751e8b465ee728b)  -> (artifact id: 'adcd6faa91a4c05f8d12bf2062c58a42') in 0.016740 seconds 
  Import took 0.053022 seconds .

========================================================================
Received Import Request.
  Time since last request: 37.773691 seconds.
  path: Assets/Modulo 11/EjerciciosEstructuras.cs
  artifactKey: Guid(90b34107d2a234186b5cb87d0b8f1b4d) Importer(815301076,1909f56bfc062723c751e8b465ee728b)
Start importing Assets/Modulo 11/EjerciciosEstructuras.cs using Guid(90b34107d2a234186b5cb87d0b8f1b4d) Importer(815301076,1909f56bfc062723c751e8b465ee728b)  -> (artifact id: '8866465b277bc0b679c6ab3fe33f3b39') in 0.004001 seconds 
  Import took 0.008700 seconds .

========================================================================
Received Import Request.
  Time since last request: 11.351452 seconds.
  path: Assets/Modulo 11/EjerciciosEstructuras.cs
  artifactKey: Guid(90b34107d2a234186b5cb87d0b8f1b4d) Importer(815301076,1909f56bfc062723c751e8b465ee728b)
Start importing Assets/Modulo 11/EjerciciosEstructuras.cs using Guid(90b34107d2a234186b5cb87d0b8f1b4d) Importer(815301076,1909f56bfc062723c751e8b465ee728b)  -> (artifact id: '0a6ea212760d9bcd2a7d11db68cf20f3') in 0.004308 seconds 
  Import took 0.008359 seconds .

========================================================================
Received Import Request.
  Time since last request: 231.710680 seconds.
  path: Assets/Modulo 11/EjerciciosEstructuras.cs
  artifactKey: Guid(90b34107d2a234186b5cb87d0b8f1b4d) Importer(815301076,1909f56bfc062723c751e8b465ee728b)
Start importing Assets/Modulo 11/EjerciciosEstructuras.cs using Guid(90b34107d2a234186b5cb87d0b8f1b4d) Importer(815301076,1909f56bfc062723c751e8b465ee728b)  -> (artifact id: 'ad50f6014dd5d18b0c22a6c1ce82ea03') in 0.005924 seconds 
  Import took 0.011866 seconds .

========================================================================
Received Import Request.
  Time since last request: 35.147600 seconds.
  path: Assets/Modulo 11/EjerciciosEstructuras.cs
  artifactKey: Guid(90b34107d2a234186b5cb87d0b8f1b4d) Importer(815301076,1909f56bfc062723c751e8b465ee728b)
Start importing Assets/Modulo 11/EjerciciosEstructuras.cs using Guid(90b34107d2a234186b5cb87d0b8f1b4d) Importer(815301076,1909f56bfc062723c751e8b465ee728b)  -> (artifact id: '7abb554324edf76c43d46d78e6ff5691') in 0.004896 seconds 
  Import took 0.009298 seconds .

========================================================================
Received Import Request.
  Time since last request: 20.229616 seconds.
  path: Assets/Modulo 11/EjerciciosEstructuras.cs
  artifactKey: Guid(90b34107d2a234186b5cb87d0b8f1b4d) Importer(815301076,1909f56bfc062723c751e8b465ee728b)
Start importing Assets/Modulo 11/EjerciciosEstructuras.cs using Guid(90b34107d2a234186b5cb87d0b8f1b4d) Importer(815301076,1909f56bfc062723c751e8b465ee728b)  -> (artifact id: '76f81e673450fb760b4a963d8eaba818') in 0.005766 seconds 
  Import took 0.015652 seconds .

========================================================================
Received Import Request.
  Time since last request: 233.880558 seconds.
  path: Assets/Modulo 11/EjerciciosEstructuras.cs
  artifactKey: Guid(90b34107d2a234186b5cb87d0b8f1b4d) Importer(815301076,1909f56bfc062723c751e8b465ee728b)
Start importing Assets/Modulo 11/EjerciciosEstructuras.cs using Guid(90b34107d2a234186b5cb87d0b8f1b4d) Importer(815301076,1909f56bfc062723c751e8b465ee728b)  -> (artifact id: '5279b80fc5269c5688fa995629fbebdb') in 0.003312 seconds 
  Import took 0.008057 seconds .

========================================================================
Received Import Request.
  Time since last request: 78.328015 seconds.
  path: Assets/Modulo 11/EjerciciosEstructuras.cs
  artifactKey: Guid(90b34107d2a234186b5cb87d0b8f1b4d) Importer(815301076,1909f56bfc062723c751e8b465ee728b)
Start importing Assets/Modulo 11/EjerciciosEstructuras.cs using Guid(90b34107d2a234186b5cb87d0b8f1b4d) Importer(815301076,1909f56bfc062723c751e8b465ee728b)  -> (artifact id: '3d582d3dd7ac9a3a7d39f23ce343157d') in 0.004676 seconds 
  Import took 0.010500 seconds .

========================================================================
Received Import Request.
  Time since last request: 680.944960 seconds.
  path: Assets/Modulo 11/EjerciciosEstructuras.cs
  artifactKey: Guid(90b34107d2a234186b5cb87d0b8f1b4d) Importer(815301076,1909f56bfc062723c751e8b465ee728b)
Start importing Assets/Modulo 11/EjerciciosEstructuras.cs using Guid(90b34107d2a234186b5cb87d0b8f1b4d) Importer(815301076,1909f56bfc062723c751e8b465ee728b)  -> (artifact id: '3c515bf64b37a79abb9e64153b089669') in 0.012772 seconds 
  Import took 0.034298 seconds .

========================================================================
Received Import Request.
  Time since last request: 76.692672 seconds.
  path: Assets/Modulo 11/EjerciciosEstructuras.cs
  artifactKey: Guid(90b34107d2a234186b5cb87d0b8f1b4d) Importer(815301076,1909f56bfc062723c751e8b465ee728b)
Start importing Assets/Modulo 11/EjerciciosEstructuras.cs using Guid(90b34107d2a234186b5cb87d0b8f1b4d) Importer(815301076,1909f56bfc062723c751e8b465ee728b)  -> (artifact id: '58e0a62862d3f6372bf2a62b0127ebb2') in 0.014413 seconds 
  Import took 0.022923 seconds .

========================================================================
Received Prepare
Registering precompiled user dll's ...
Registered in 0.003678 seconds.
Begin MonoManager ReloadAssembly
Native extension for OSXStandalone target not found
Refreshing native plugins compatible for Editor in 0.39 ms, found 2 plugins.
Preloading 0 native plugins for Editor in 0.00 ms.
2022-02-25 16:50:31.441 Unity[62656:653515] NSEventModifierFlagFunction specified to -setKeyEquivalentModifierMask: for item <NSMenuItem: 0x600002da8000 Font Asset, ke='Command-F12'>, but is only supported for system-provided menu items; will not be used
Mono: successfully reloaded assembly
- Completed reload, in  1.939 seconds
Domain Reload Profiling:
	ReloadAssembly (1943ms)
		BeginReloadAssembly (343ms)
			ExecutionOrderSort (0ms)
			DisableScriptedObjects (43ms)
			BackupInstance (0ms)
			ReleaseScriptingObjects (0ms)
			CreateAndSetChildDomain (168ms)
		EndReloadAssembly (1494ms)
			LoadAssemblies (146ms)
			RebuildTransferFunctionScriptingTraits (0ms)
			SetupTypeCache (494ms)
			ReleaseScriptCaches (1ms)
			RebuildScriptCaches (56ms)
			SetupLoadedEditorAssemblies (677ms)
				LogAssemblyErrors (0ms)
				InitializePlatformSupportModulesInManaged (6ms)
				SetLoadedEditorAssemblies (1ms)
				RefreshPlugins (0ms)
				BeforeProcessingInitializeOnLoad (314ms)
				ProcessInitializeOnLoadAttributes (339ms)
				ProcessInitializeOnLoadMethodAttributes (15ms)
				AfterProcessingInitializeOnLoad (2ms)
				EditorAssembliesLoaded (1ms)
			ExecutionOrderSort2 (0ms)
			AwakeInstancesAfterBackupRestoration (8ms)
Platform modules already initialized, skipping
Refreshing native plugins compatible for Editor in 0.37 ms, found 2 plugins.
Preloading 0 native plugins for Editor in 0.00 ms.
Unloading 1515 Unused Serialized files (Serialized files now loaded: 0)
System memory in use before: 183.6 MB.
System memory in use after: 183.7 MB.

Unloading 14 unused Assets to reduce memory usage. Loaded Objects now: 2007.
Total: 3.077753 ms (FindLiveObjects: 0.215043 ms CreateObjectMapping: 0.086562 ms MarkObjects: 2.743994 ms  DeleteObjects: 0.031171 ms)

AssetImportParameters requested are different than current active one (requested -> active):
  custom:video-decoder-ogg-theora: a1e56fd34408186e4bbccfd4996cb3dc -> 
  custom:container-muxer-webm: aa71ff27fc2769a1b78a27578f13a17b -> 
  custom:container-demuxer-webm: 4f35f7cbe854078d1ac9338744f61a02 -> 
  custom:container-demuxer-ogg: 62fdf1f143b41e24485cea50d1cbac27 -> 
  custom:video-encoder-webm-vp8: eb34c28f22e8b96e1ab97ce403110664 -> 
  custom:framework-osx-AVFoundation: e770b220cccbd017edd2c1fefb359320 -> 
  custom:video-decoder-webm-vp8: 9c59270c3fd7afecdb556c50c9e8de78 -> 
  custom:audio-decoder-ogg-vorbis: bf7c407c2cedff20999df2af8eb42d56 -> 
  custom:audio-encoder-webm-vorbis: bf7c407c2cedff20999df2af8eb42d56 -> 
========================================================================
Received Import Request.
  Time since last request: 147.098880 seconds.
  path: Assets/Modulo 11/EjerciciosEstructuras.cs
  artifactKey: Guid(90b34107d2a234186b5cb87d0b8f1b4d) Importer(815301076,1909f56bfc062723c751e8b465ee728b)
Start importing Assets/Modulo 11/EjerciciosEstructuras.cs using Guid(90b34107d2a234186b5cb87d0b8f1b4d) Importer(815301076,1909f56bfc062723c751e8b465ee728b)  -> (artifact id: '48a7bfacf90e536fd8bed7bb5bfde5de') in 0.009611 seconds 
  Import took 0.012747 seconds .

========================================================================
Received Import Request.
  Time since last request: 28.987066 seconds.
  path: Assets/Modulo 11/EjerciciosEstructuras.cs
  artifactKey: Guid(90b34107d2a234186b5cb87d0b8f1b4d) Importer(815301076,1909f56bfc062723c751e8b465ee728b)
Start importing Assets/Modulo 11/EjerciciosEstructuras.cs using Guid(90b34107d2a234186b5cb87d0b8f1b4d) Importer(815301076,1909f56bfc062723c751e8b465ee728b)  -> (artifact id: 'f40f6bebacff65a2a55a8d8f66d93f9a') in 0.009684 seconds 
  Import took 0.024526 seconds .

========================================================================
Received Import Request.
  Time since last request: 155.225118 seconds.
  path: Assets/Modulo 11/EjerciciosEstructuras.cs
  artifactKey: Guid(90b34107d2a234186b5cb87d0b8f1b4d) Importer(815301076,1909f56bfc062723c751e8b465ee728b)
Start importing Assets/Modulo 11/EjerciciosEstructuras.cs using Guid(90b34107d2a234186b5cb87d0b8f1b4d) Importer(815301076,1909f56bfc062723c751e8b465ee728b)  -> (artifact id: 'b8fac5ea64c62aeb5d5c3de7391cc9e7') in 0.004650 seconds 
  Import took 0.017486 seconds .

========================================================================
Received Import Request.
  Time since last request: 223.104057 seconds.
  path: Assets/Modulo 11/EjerciciosEstructuras.cs
  artifactKey: Guid(90b34107d2a234186b5cb87d0b8f1b4d) Importer(815301076,1909f56bfc062723c751e8b465ee728b)
Start importing Assets/Modulo 11/EjerciciosEstructuras.cs using Guid(90b34107d2a234186b5cb87d0b8f1b4d) Importer(815301076,1909f56bfc062723c751e8b465ee728b)  -> (artifact id: '1c0d8b4326bce08309bbce16c560f181') in 0.004935 seconds 
  Import took 0.024421 seconds .

========================================================================
Received Import Request.
  Time since last request: 390.909618 seconds.
  path: Assets/Modulo 11/EjerciciosEstructuras.cs
  artifactKey: Guid(90b34107d2a234186b5cb87d0b8f1b4d) Importer(815301076,1909f56bfc062723c751e8b465ee728b)
Start importing Assets/Modulo 11/EjerciciosEstructuras.cs using Guid(90b34107d2a234186b5cb87d0b8f1b4d) Importer(815301076,1909f56bfc062723c751e8b465ee728b)  -> (artifact id: 'a53b89ff98f5b190e1836fb9ea77f28c') in 0.003118 seconds 
  Import took 0.016313 seconds .

========================================================================
Received Import Request.
  Time since last request: 517.337345 seconds.
  path: Assets/Modulo 11/EjerciciosEstructuras.cs
  artifactKey: Guid(90b34107d2a234186b5cb87d0b8f1b4d) Importer(815301076,1909f56bfc062723c751e8b465ee728b)
Start importing Assets/Modulo 11/EjerciciosEstructuras.cs using Guid(90b34107d2a234186b5cb87d0b8f1b4d) Importer(815301076,1909f56bfc062723c751e8b465ee728b)  -> (artifact id: '705f862cac81dbafee3ead96f38965ac') in 0.010012 seconds 
  Import took 0.019710 seconds .

========================================================================
Received Prepare
Registering precompiled user dll's ...
Registered in 0.004778 seconds.
Begin MonoManager ReloadAssembly
Native extension for OSXStandalone target not found
Refreshing native plugins compatible for Editor in 0.36 ms, found 2 plugins.
Preloading 0 native plugins for Editor in 0.00 ms.
2022-02-25 17:15:04.384 Unity[62656:653515] NSEventModifierFlagFunction specified to -setKeyEquivalentModifierMask: for item <NSMenuItem: 0x600002d8b1e0 Font Asset, ke='Command-F12'>, but is only supported for system-provided menu items; will not be used
Mono: successfully reloaded assembly
- Completed reload, in  1.697 seconds
Domain Reload Profiling:
	ReloadAssembly (1699ms)
		BeginReloadAssembly (278ms)
			ExecutionOrderSort (0ms)
			DisableScriptedObjects (19ms)
			BackupInstance (0ms)
			ReleaseScriptingObjects (0ms)
			CreateAndSetChildDomain (153ms)
		EndReloadAssembly (1314ms)
			LoadAssemblies (137ms)
			RebuildTransferFunctionScriptingTraits (0ms)
			SetupTypeCache (504ms)
			ReleaseScriptCaches (1ms)
			RebuildScriptCaches (70ms)
			SetupLoadedEditorAssemblies (464ms)
				LogAssemblyErrors (0ms)
				InitializePlatformSupportModulesInManaged (5ms)
				SetLoadedEditorAssemblies (1ms)
				RefreshPlugins (0ms)
				BeforeProcessingInitializeOnLoad (146ms)
				ProcessInitializeOnLoadAttributes (300ms)
				ProcessInitializeOnLoadMethodAttributes (10ms)
				AfterProcessingInitializeOnLoad (1ms)
				EditorAssembliesLoaded (0ms)
			ExecutionOrderSort2 (0ms)
			AwakeInstancesAfterBackupRestoration (8ms)
Platform modules already initialized, skipping
Refreshing native plugins compatible for Editor in 0.43 ms, found 2 plugins.
Preloading 0 native plugins for Editor in 0.00 ms.
Unloading 1515 Unused Serialized files (Serialized files now loaded: 0)
System memory in use before: 183.7 MB.
System memory in use after: 183.8 MB.

Unloading 14 unused Assets to reduce memory usage. Loaded Objects now: 2009.
Total: 3.432628 ms (FindLiveObjects: 0.182154 ms CreateObjectMapping: 0.055708 ms MarkObjects: 3.135390 ms  DeleteObjects: 0.058183 ms)

AssetImportParameters requested are different than current active one (requested -> active):
  custom:video-decoder-ogg-theora: a1e56fd34408186e4bbccfd4996cb3dc -> 
  custom:container-muxer-webm: aa71ff27fc2769a1b78a27578f13a17b -> 
  custom:container-demuxer-webm: 4f35f7cbe854078d1ac9338744f61a02 -> 
  custom:container-demuxer-ogg: 62fdf1f143b41e24485cea50d1cbac27 -> 
  custom:video-encoder-webm-vp8: eb34c28f22e8b96e1ab97ce403110664 -> 
  custom:framework-osx-AVFoundation: e770b220cccbd017edd2c1fefb359320 -> 
  custom:video-decoder-webm-vp8: 9c59270c3fd7afecdb556c50c9e8de78 -> 
  custom:audio-decoder-ogg-vorbis: bf7c407c2cedff20999df2af8eb42d56 -> 
  custom:audio-encoder-webm-vorbis: bf7c407c2cedff20999df2af8eb42d56 -> 
========================================================================
Received Import Request.
  Time since last request: 157.317577 seconds.
  path: Assets/Modulo 11/EjerciciosEstructuras.cs
  artifactKey: Guid(90b34107d2a234186b5cb87d0b8f1b4d) Importer(815301076,1909f56bfc062723c751e8b465ee728b)
Start importing Assets/Modulo 11/EjerciciosEstructuras.cs using Guid(90b34107d2a234186b5cb87d0b8f1b4d) Importer(815301076,1909f56bfc062723c751e8b465ee728b)  -> (artifact id: '75d7aade92dc30c2386896559c1b206f') in 0.009566 seconds 
  Import took 0.013527 seconds .

========================================================================
Received Import Request.
  Time since last request: 243.381401 seconds.
  path: Assets/Modulo 11/EjerciciosEstructuras.cs
  artifactKey: Guid(90b34107d2a234186b5cb87d0b8f1b4d) Importer(815301076,1909f56bfc062723c751e8b465ee728b)
Start importing Assets/Modulo 11/EjerciciosEstructuras.cs using Guid(90b34107d2a234186b5cb87d0b8f1b4d) Importer(815301076,1909f56bfc062723c751e8b465ee728b)  -> (artifact id: '49faf2ad77e210b2f323d429e669c90e') in 0.004407 seconds 
  Import took 0.011081 seconds .

========================================================================
Received Prepare
Registering precompiled user dll's ...
Registered in 0.011536 seconds.
Begin MonoManager ReloadAssembly
Native extension for OSXStandalone target not found
Refreshing native plugins compatible for Editor in 0.34 ms, found 2 plugins.
Preloading 0 native plugins for Editor in 0.00 ms.
2022-02-25 17:21:11.678 Unity[62656:653515] NSEventModifierFlagFunction specified to -setKeyEquivalentModifierMask: for item <NSMenuItem: 0x600002dea1b0 Font Asset, ke='Command-F12'>, but is only supported for system-provided menu items; will not be used
Mono: successfully reloaded assembly
- Completed reload, in  1.515 seconds
Domain Reload Profiling:
	ReloadAssembly (1518ms)
		BeginReloadAssembly (322ms)
			ExecutionOrderSort (0ms)
			DisableScriptedObjects (29ms)
			BackupInstance (0ms)
			ReleaseScriptingObjects (0ms)
			CreateAndSetChildDomain (160ms)
		EndReloadAssembly (1067ms)
			LoadAssemblies (143ms)
			RebuildTransferFunctionScriptingTraits (0ms)
			SetupTypeCache (394ms)
			ReleaseScriptCaches (1ms)
			RebuildScriptCaches (52ms)
			SetupLoadedEditorAssemblies (383ms)
				LogAssemblyErrors (0ms)
				InitializePlatformSupportModulesInManaged (5ms)
				SetLoadedEditorAssemblies (1ms)
				RefreshPlugins (0ms)
				BeforeProcessingInitializeOnLoad (122ms)
				ProcessInitializeOnLoadAttributes (243ms)
				ProcessInitializeOnLoadMethodAttributes (10ms)
				AfterProcessingInitializeOnLoad (1ms)
				EditorAssembliesLoaded (0ms)
			ExecutionOrderSort2 (0ms)
			AwakeInstancesAfterBackupRestoration (8ms)
Platform modules already initialized, skipping
Refreshing native plugins compatible for Editor in 0.66 ms, found 2 plugins.
Preloading 0 native plugins for Editor in 0.00 ms.
Unloading 1515 Unused Serialized files (Serialized files now loaded: 0)
System memory in use before: 183.9 MB.
System memory in use after: 184.0 MB.

Unloading 14 unused Assets to reduce memory usage. Loaded Objects now: 2011.
Total: 3.025360 ms (FindLiveObjects: 0.298325 ms CreateObjectMapping: 0.075844 ms MarkObjects: 2.618730 ms  DeleteObjects: 0.031509 ms)

AssetImportParameters requested are different than current active one (requested -> active):
  custom:video-decoder-ogg-theora: a1e56fd34408186e4bbccfd4996cb3dc -> 
  custom:container-muxer-webm: aa71ff27fc2769a1b78a27578f13a17b -> 
  custom:container-demuxer-webm: 4f35f7cbe854078d1ac9338744f61a02 -> 
  custom:container-demuxer-ogg: 62fdf1f143b41e24485cea50d1cbac27 -> 
  custom:video-encoder-webm-vp8: eb34c28f22e8b96e1ab97ce403110664 -> 
  custom:framework-osx-AVFoundation: e770b220cccbd017edd2c1fefb359320 -> 
  custom:video-decoder-webm-vp8: 9c59270c3fd7afecdb556c50c9e8de78 -> 
  custom:audio-decoder-ogg-vorbis: bf7c407c2cedff20999df2af8eb42d56 -> 
  custom:audio-encoder-webm-vorbis: bf7c407c2cedff20999df2af8eb42d56 -> 
========================================================================
Received Import Request.
  Time since last request: 123.794787 seconds.
  path: Assets/Modulo 11/EjerciciosEstructuras.cs
  artifactKey: Guid(90b34107d2a234186b5cb87d0b8f1b4d) Importer(815301076,1909f56bfc062723c751e8b465ee728b)
Start importing Assets/Modulo 11/EjerciciosEstructuras.cs using Guid(90b34107d2a234186b5cb87d0b8f1b4d) Importer(815301076,1909f56bfc062723c751e8b465ee728b)  -> (artifact id: '17d31bab1850b05664d927901c30fe10') in 0.009652 seconds 
  Import took 0.012578 seconds .

========================================================================
Received Prepare
Registering precompiled user dll's ...
Registered in 0.007501 seconds.
Begin MonoManager ReloadAssembly
Native extension for OSXStandalone target not found
Refreshing native plugins compatible for Editor in 0.97 ms, found 2 plugins.
Preloading 0 native plugins for Editor in 0.00 ms.
2022-02-25 17:22:12.635 Unity[62656:653515] NSEventModifierFlagFunction specified to -setKeyEquivalentModifierMask: for item <NSMenuItem: 0x600002d85570 Font Asset, ke='Command-F12'>, but is only supported for system-provided menu items; will not be used
Mono: successfully reloaded assembly
- Completed reload, in  1.499 seconds
Domain Reload Profiling:
	ReloadAssembly (1500ms)
		BeginReloadAssembly (191ms)
			ExecutionOrderSort (0ms)
			DisableScriptedObjects (7ms)
			BackupInstance (0ms)
			ReleaseScriptingObjects (0ms)
			CreateAndSetChildDomain (60ms)
		EndReloadAssembly (1217ms)
			LoadAssemblies (178ms)
			RebuildTransferFunctionScriptingTraits (0ms)
			SetupTypeCache (416ms)
			ReleaseScriptCaches (1ms)
			RebuildScriptCaches (56ms)
			SetupLoadedEditorAssemblies (449ms)
				LogAssemblyErrors (0ms)
				InitializePlatformSupportModulesInManaged (7ms)
				SetLoadedEditorAssemblies (1ms)
				RefreshPlugins (1ms)
				BeforeProcessingInitializeOnLoad (152ms)
				ProcessInitializeOnLoadAttributes (264ms)
				ProcessInitializeOnLoadMethodAttributes (22ms)
				AfterProcessingInitializeOnLoad (2ms)
				EditorAssembliesLoaded (0ms)
			ExecutionOrderSort2 (0ms)
			AwakeInstancesAfterBackupRestoration (17ms)
Platform modules already initialized, skipping
Refreshing native plugins compatible for Editor in 0.40 ms, found 2 plugins.
Preloading 0 native plugins for Editor in 0.00 ms.
Unloading 1515 Unused Serialized files (Serialized files now loaded: 0)
System memory in use before: 184.1 MB.
System memory in use after: 184.2 MB.

Unloading 14 unused Assets to reduce memory usage. Loaded Objects now: 2013.
Total: 3.335510 ms (FindLiveObjects: 0.129213 ms CreateObjectMapping: 0.043858 ms MarkObjects: 3.144115 ms  DeleteObjects: 0.017341 ms)

AssetImportParameters requested are different than current active one (requested -> active):
  custom:video-decoder-ogg-theora: a1e56fd34408186e4bbccfd4996cb3dc -> 
  custom:container-muxer-webm: aa71ff27fc2769a1b78a27578f13a17b -> 
  custom:container-demuxer-webm: 4f35f7cbe854078d1ac9338744f61a02 -> 
  custom:container-demuxer-ogg: 62fdf1f143b41e24485cea50d1cbac27 -> 
  custom:video-encoder-webm-vp8: eb34c28f22e8b96e1ab97ce403110664 -> 
  custom:framework-osx-AVFoundation: e770b220cccbd017edd2c1fefb359320 -> 
  custom:video-decoder-webm-vp8: 9c59270c3fd7afecdb556c50c9e8de78 -> 
  custom:audio-decoder-ogg-vorbis: bf7c407c2cedff20999df2af8eb42d56 -> 
  custom:audio-encoder-webm-vorbis: bf7c407c2cedff20999df2af8eb42d56 -> 
========================================================================
Received Prepare
Registering precompiled user dll's ...
Registered in 0.005143 seconds.
Begin MonoManager ReloadAssembly
Native extension for OSXStandalone target not found
Refreshing native plugins compatible for Editor in 0.45 ms, found 2 plugins.
Preloading 0 native plugins for Editor in 0.00 ms.
2022-02-25 22:32:26.911 Unity[62656:653515] NSEventModifierFlagFunction specified to -setKeyEquivalentModifierMask: for item <NSMenuItem: 0x600002dad500 Font Asset, ke='Command-F12'>, but is only supported for system-provided menu items; will not be used
Mono: successfully reloaded assembly
- Completed reload, in  2.386 seconds
Domain Reload Profiling:
	ReloadAssembly (2390ms)
		BeginReloadAssembly (352ms)
			ExecutionOrderSort (0ms)
			DisableScriptedObjects (25ms)
			BackupInstance (0ms)
			ReleaseScriptingObjects (0ms)
			CreateAndSetChildDomain (167ms)
		EndReloadAssembly (1789ms)
			LoadAssemblies (183ms)
			RebuildTransferFunctionScriptingTraits (0ms)
			SetupTypeCache (833ms)
			ReleaseScriptCaches (2ms)
			RebuildScriptCaches (130ms)
			SetupLoadedEditorAssemblies (515ms)
				LogAssemblyErrors (0ms)
				InitializePlatformSupportModulesInManaged (6ms)
				SetLoadedEditorAssemblies (1ms)
				RefreshPlugins (1ms)
				BeforeProcessingInitializeOnLoad (159ms)
				ProcessInitializeOnLoadAttributes (331ms)
				ProcessInitializeOnLoadMethodAttributes (15ms)
				AfterProcessingInitializeOnLoad (1ms)
				EditorAssembliesLoaded (0ms)
			ExecutionOrderSort2 (0ms)
			AwakeInstancesAfterBackupRestoration (9ms)
Platform modules already initialized, skipping
Refreshing native plugins compatible for Editor in 0.40 ms, found 2 plugins.
Preloading 0 native plugins for Editor in 0.00 ms.
Unloading 1515 Unused Serialized files (Serialized files now loaded: 0)
System memory in use before: 184.3 MB.
System memory in use after: 184.4 MB.

Unloading 14 unused Assets to reduce memory usage. Loaded Objects now: 2015.
Total: 8.907653 ms (FindLiveObjects: 0.682980 ms CreateObjectMapping: 0.163420 ms MarkObjects: 8.004249 ms  DeleteObjects: 0.054864 ms)

AssetImportParameters requested are different than current active one (requested -> active):
  custom:video-decoder-ogg-theora: a1e56fd34408186e4bbccfd4996cb3dc -> 
  custom:container-muxer-webm: aa71ff27fc2769a1b78a27578f13a17b -> 
  custom:container-demuxer-webm: 4f35f7cbe854078d1ac9338744f61a02 -> 
  custom:container-demuxer-ogg: 62fdf1f143b41e24485cea50d1cbac27 -> 
  custom:video-encoder-webm-vp8: eb34c28f22e8b96e1ab97ce403110664 -> 
  custom:framework-osx-AVFoundation: e770b220cccbd017edd2c1fefb359320 -> 
  custom:video-decoder-webm-vp8: 9c59270c3fd7afecdb556c50c9e8de78 -> 
  custom:audio-decoder-ogg-vorbis: bf7c407c2cedff20999df2af8eb42d56 -> 
  custom:audio-encoder-webm-vorbis: bf7c407c2cedff20999df2af8eb42d56 -> 
